{"C:\\Users\\-john\\WebstormProjects\\frontEndTest\\front_test\\src\\components\\HelloWorld.vue": {"path":"C:\\Users\\-john\\WebstormProjects\\frontEndTest\\front_test\\src\\components\\HelloWorld.vue","statementMap":{"0":{"start":{"line":11,"column":0},"end":{"line":11,"column":null}}},"fnMap":{"0":{"name":"(anonymous_1)","decl":{"start":{"line":10,"column":0},"end":{"line":10,"column":null}},"loc":{"start":{"line":10,"column":0},"end":{"line":14,"column":null}}}},"branchMap":{},"s":{"0":1},"f":{"0":1},"b":{}}
,"C:\\Users\\-john\\WebstormProjects\\frontEndTest\\front_test\\src\\views\\Home.vue": {"path":"C:\\Users\\-john\\WebstormProjects\\frontEndTest\\front_test\\src\\views\\Home.vue","statementMap":{"0":{"start":{"line":10,"column":0},"end":{"line":10,"column":null}}},"fnMap":{},"branchMap":{},"s":{"0":0},"f":{},"b":{}}
}
